INFO - in add booking details
INFO - booking details:: BookingInfo [id=0, email=jhds@kjd.kusag, no_of_pass=2, class_type=Ah, t_fare=4520, seat_no=5, src_city=Mumbai, dest_city=Kanpur]
ERROR - error in insert = ORA-00913: too many values

INFO - in add booking details
INFO - booking details:: BookingInfo [id=0, email=kjhwd@kjhqs.kuqge, no_of_pass=3, class_type=Aa, t_fare=4520, seat_no=5, src_city=Mumbai, dest_city=Kanpur]
INFO - In getId
INFO - Got Booking with id 1000
INFO - Completed getId
INFO - booked successfully and booking id is ::1000
INFO - in add booking details
INFO - booking details:: BookingInfo [id=0, email=hsjs@hqs.gd, no_of_pass=2, class_type=As, t_fare=4520, seat_no=9, src_city=Bangalore, dest_city=Bhopal]
INFO - In getId
INFO - Got Booking with id 1001
INFO - Completed getId
INFO - booked successfully and booking id is ::1001
INFO - in add booking details
INFO - booking details:: BookingInfo [id=0, email=veerashekhar@gmail.com, no_of_pass=1, class_type=Ac, t_fare=2500, seat_no=20, src_city=Mumbai, dest_city=Vijaywada]
INFO - In getId
INFO - Got Booking with id 1002
INFO - Completed getId
INFO - booked successfully and booking id is ::1002
INFO - in add booking details
INFO - booking details:: BookingInfo [id=0, email=meghna@lkjhs.com, no_of_pass=2, class_type=As, t_fare=6000, seat_no=45, src_city=Hyderabad, dest_city=Kanyakumari]
INFO - In getId
INFO - Got Booking with id 1003
INFO - Completed getId
INFO - booked successfully and booking id is ::1003
